"../../../Engine/Content/Functions/Engine_MaterialFunctions01/Shading/PowerToRoughness.uasset" 0
"../../../Engine/Content/Functions/Engine_MaterialFunctions01/Shading/PowerToRoughness.uexp" 1
"../../../Engine/Content/Functions/Engine_MaterialFunctions01/Shading/ConvertFromDiffSpec.uasset" 2
"../../../Engine/Content/Functions/Engine_MaterialFunctions01/Shading/ConvertFromDiffSpec.uexp" 3
"../../../Engine/Content/EngineSounds/Master.uasset" 4
"../../../Engine/Content/EngineSounds/Master.uexp" 5
"../../../Engine/Content/EngineSky/VolumetricClouds/CloudWeatherTexture.uasset" 6
"../../../Engine/Content/EngineSky/VolumetricClouds/CloudWeatherTexture.uexp" 7
"../../../Engine/Content/Functions/Engine_MaterialFunctions02/Utility/MakeFloat2.uasset" 8
"../../../Engine/Content/Functions/Engine_MaterialFunctions02/Utility/MakeFloat2.uexp" 9
"../../../Engine/Content/EngineSky/VolumetricClouds/CloudGradientTexture.uasset" 10
"../../../Engine/Content/EngineSky/VolumetricClouds/CloudGradientTexture.uexp" 11
"../../../Engine/Content/EngineSky/VolumetricClouds/T_NoiseShape64.ubulk" 12
"../../../Engine/Content/EngineSky/VolumetricClouds/T_NoiseShape64.uasset" 13
"../../../Engine/Content/EngineSky/VolumetricClouds/T_NoiseShape64.uexp" 14
"../../../Engine/Content/EngineSky/VolumetricClouds/T_VolumeNoiseShape64.uasset" 15
"../../../Engine/Content/EngineSky/VolumetricClouds/T_VolumeNoiseShape64.uexp" 16
"../../../Engine/Content/EngineSky/VolumetricClouds/T_NoiseErosion.ubulk" 17
"../../../Engine/Content/EngineSky/VolumetricClouds/T_NoiseErosion.uasset" 18
"../../../Engine/Content/EngineSky/VolumetricClouds/T_NoiseErosion.uexp" 19
"../../../Engine/Content/EngineSky/VolumetricClouds/T_VolumeNoiseErosion32.uasset" 20
"../../../Engine/Content/EngineSky/VolumetricClouds/T_VolumeNoiseErosion32.uexp" 21
"../../../Engine/Content/EngineSky/VolumetricClouds/m_SimpleVolumetricCloud.uasset" 22
"../../../Engine/Content/EngineSky/VolumetricClouds/m_SimpleVolumetricCloud.uexp" 23
"../../../Engine/Content/EngineSky/VolumetricClouds/m_SimpleVolumetricCloud_Inst.uasset" 24
"../../../Engine/Content/EngineSky/VolumetricClouds/m_SimpleVolumetricCloud_Inst.uexp" 25
"../../../Engine/Content/EngineResources/GradientTexture0.uasset" 26
"../../../Engine/Content/EngineResources/GradientTexture0.uexp" 27
"../../../Engine/Content/EngineResources/DefaultVolumeTexture2D.uasset" 28
"../../../Engine/Content/EngineResources/DefaultVolumeTexture2D.uexp" 29
"../../../Engine/Content/EngineResources/DefaultVolumeTexture.uasset" 30
"../../../Engine/Content/EngineResources/DefaultVolumeTexture.uexp" 31
"../../../Engine/Content/EngineResources/DefaultTextureCube.uasset" 32
"../../../Engine/Content/EngineResources/DefaultTextureCube.uexp" 33
"../../../Engine/Content/EngineResources/DefaultTexture.ubulk" 34
"../../../Engine/Content/EngineResources/DefaultTexture.uasset" 35
"../../../Engine/Content/EngineResources/DefaultTexture.uexp" 36
"../../../Engine/Content/EngineResources/Black.uasset" 37
"../../../Engine/Content/EngineResources/Black.uexp" 38
"../../../Engine/Content/EngineResources/FilmGrains/Marcie_Grain_v3_128_M2_000.uasset" 39
"../../../Engine/Content/EngineResources/FilmGrains/Marcie_Grain_v3_128_M2_000.uexp" 40
"../../../Engine/Content/EngineMeshes/Sphere.uasset" 41
"../../../Engine/Content/EngineMeshes/Sphere.uexp" 42
"../../../Engine/Content/EngineMeshes/BackgroundMaterial.uasset" 43
"../../../Engine/Content/EngineMeshes/BackgroundMaterial.uexp" 44
"../../../Engine/Content/EngineResources/WhiteSquareTexture.uasset" 45
"../../../Engine/Content/EngineResources/WhiteSquareTexture.uexp" 46
"../../../Engine/Content/EngineMaterials/Widget3DPassThrough.uasset" 47
"../../../Engine/Content/EngineMaterials/Widget3DPassThrough.uexp" 48
"../../../Engine/Content/EngineMaterials/Widget3DPassThrough_Translucent.uasset" 49
"../../../Engine/Content/EngineMaterials/Widget3DPassThrough_Translucent.uexp" 50
"../../../Engine/Content/EngineMaterials/Widget3DPassThrough_Translucent_OneSided.uasset" 51
"../../../Engine/Content/EngineMaterials/Widget3DPassThrough_Translucent_OneSided.uexp" 52
"../../../Engine/Content/EngineMaterials/Widget3DPassThrough_Opaque.uasset" 53
"../../../Engine/Content/EngineMaterials/Widget3DPassThrough_Opaque.uexp" 54
"../../../Engine/Content/EngineMaterials/Widget3DPassThrough_Opaque_OneSided.uasset" 55
"../../../Engine/Content/EngineMaterials/Widget3DPassThrough_Opaque_OneSided.uexp" 56
"../../../Engine/Content/EngineMaterials/Widget3DPassThrough_Masked_OneSided.uasset" 57
"../../../Engine/Content/EngineMaterials/Widget3DPassThrough_Masked_OneSided.uexp" 58
"../../../Engine/Content/EngineMaterials/Widget3DPassThrough_Masked.uasset" 59
"../../../Engine/Content/EngineMaterials/Widget3DPassThrough_Masked.uexp" 60
"../../../Engine/Content/EngineMaterials/WeightMapPlaceholderTexture.uasset" 61
"../../../Engine/Content/EngineMaterials/WeightMapPlaceholderTexture.uexp" 62
"../../../Engine/Content/EngineMaterials/RemoveSurfaceMaterial.uasset" 63
"../../../Engine/Content/EngineMaterials/RemoveSurfaceMaterial.uexp" 64
"../../../Engine/Content/EngineMaterials/PreintegratedSkinBRDF.uasset" 65
"../../../Engine/Content/EngineMaterials/PreintegratedSkinBRDF.uexp" 66
"../../../Engine/Content/EngineMaterials/DefaultCalibrationGrayscale.uasset" 67
"../../../Engine/Content/EngineMaterials/DefaultCalibrationGrayscale.uexp" 68
"../../../Engine/Content/EngineMaterials/PPM_DefaultCalibrationGrayscale.uasset" 69
"../../../Engine/Content/EngineMaterials/PPM_DefaultCalibrationGrayscale.uexp" 70
"../../../Engine/Content/EngineMaterials/DefaultCalibrationColor.uasset" 71
"../../../Engine/Content/EngineMaterials/DefaultCalibrationColor.uexp" 72
"../../../Engine/Content/EngineMaterials/PPM_DefaultCalibrationColor.uasset" 73
"../../../Engine/Content/EngineMaterials/PPM_DefaultCalibrationColor.uexp" 74
"../../../Engine/Content/Functions/Engine_MaterialFunctions02/WorldPositionOffset/CameraOffset.uasset" 75
"../../../Engine/Content/Functions/Engine_MaterialFunctions02/WorldPositionOffset/CameraOffset.uexp" 76
"../../../Engine/Content/EngineMaterials/PhAT_JointLimitMaterial.uasset" 77
"../../../Engine/Content/EngineMaterials/PhAT_JointLimitMaterial.uexp" 78
"../../../Engine/Content/EngineMaterials/InvalidLightmapSettings.ubulk" 79
"../../../Engine/Content/EngineMaterials/InvalidLightmapSettings.uasset" 80
"../../../Engine/Content/EngineMaterials/InvalidLightmapSettings.uexp" 81
"../../../Engine/Content/EngineMaterials/M_InvalidLightmapSettings.uasset" 82
"../../../Engine/Content/EngineMaterials/M_InvalidLightmapSettings.uexp" 83
"../../../Engine/Content/EngineMaterials/MiniFont.uasset" 84
"../../../Engine/Content/EngineMaterials/MiniFont.uexp" 85
"../../../Engine/Content/EngineMaterials/Good64x64TilingNoiseHighFreq.uasset" 86
"../../../Engine/Content/EngineMaterials/Good64x64TilingNoiseHighFreq.uexp" 87
"../../../Engine/Content/EngineMaterials/GizmoMaterial.uasset" 88
"../../../Engine/Content/EngineMaterials/GizmoMaterial.uexp" 89
"../../../Engine/Content/EngineMaterials/BaseFlattenEmissiveMap_VT.uasset" 90
"../../../Engine/Content/EngineMaterials/BaseFlattenEmissiveMap_VT.uexp" 91
"../../../Engine/Content/EngineMaterials/BaseFlattenGrayscaleMap_VT.uasset" 92
"../../../Engine/Content/EngineMaterials/BaseFlattenGrayscaleMap_VT.uexp" 93
"../../../Engine/Content/EngineMaterials/BaseFlattenLinearColor_VT.uasset" 94
"../../../Engine/Content/EngineMaterials/BaseFlattenLinearColor_VT.uexp" 95
"../../../Engine/Content/EngineMaterials/Black_1x1_EXR_Texture_VT.uasset" 96
"../../../Engine/Content/EngineMaterials/Black_1x1_EXR_Texture_VT.uexp" 97
"../../../Engine/Content/EngineMaterials/BaseFlattenDiffuseMap_VT.uasset" 98
"../../../Engine/Content/EngineMaterials/BaseFlattenDiffuseMap_VT.uexp" 99
"../../../Engine/Content/EngineMaterials/BaseFlattenNormalMap_VT.uasset" 100
"../../../Engine/Content/EngineMaterials/BaseFlattenNormalMap_VT.uexp" 101
"../../../Engine/Content/EngineMaterials/FlattenMaterial_WS_Normal_VT.uasset" 102
"../../../Engine/Content/EngineMaterials/FlattenMaterial_WS_Normal_VT.uexp" 103
"../../../Engine/Content/EngineMaterials/FlattenMaterial_VT.uasset" 104
"../../../Engine/Content/EngineMaterials/FlattenMaterial_VT.uexp" 105
"../../../Engine/Content/EngineMaterials/BaseFlattenNormalMap.uasset" 106
"../../../Engine/Content/EngineMaterials/BaseFlattenNormalMap.uexp" 107
"../../../Engine/Content/EngineMaterials/BaseFlattenGrayscaleMap.uasset" 108
"../../../Engine/Content/EngineMaterials/BaseFlattenGrayscaleMap.uexp" 109
"../../../Engine/Content/EngineMaterials/BaseFlattenDiffuseMap.uasset" 110
"../../../Engine/Content/EngineMaterials/BaseFlattenDiffuseMap.uexp" 111
"../../../Engine/Content/Functions/Engine_MaterialFunctions02/PivotPainter2/Black_1x1_EXR_Texture.uasset" 112
"../../../Engine/Content/Functions/Engine_MaterialFunctions02/PivotPainter2/Black_1x1_EXR_Texture.uexp" 113
"../../../Engine/Content/EngineMaterials/BaseFlattenEmissiveMap.uasset" 114
"../../../Engine/Content/EngineMaterials/BaseFlattenEmissiveMap.uexp" 115
"../../../Engine/Content/EngineMaterials/BaseFlattenLinearColor.uasset" 116
"../../../Engine/Content/EngineMaterials/BaseFlattenLinearColor.uexp" 117
"../../../Engine/Content/EngineMaterials/FlattenMaterial.uasset" 118
"../../../Engine/Content/EngineMaterials/FlattenMaterial.uexp" 119
"../../../Engine/Content/EngineMaterials/DefaultWhiteGrid_Low.uasset" 120
"../../../Engine/Content/EngineMaterials/DefaultWhiteGrid_Low.uexp" 121
"../../../Engine/Content/EngineMaterials/EmissiveMeshMaterial.uasset" 122
"../../../Engine/Content/EngineMaterials/EmissiveMeshMaterial.uexp" 123
"../../../Engine/Content/EngineMaterials/DefaultWhiteGrid.ubulk" 124
"../../../Engine/Content/EngineMaterials/DefaultWhiteGrid.uasset" 125
"../../../Engine/Content/EngineMaterials/DefaultWhiteGrid.uexp" 126
"../../../Engine/Content/EngineFonts/RobotoDistanceField.uasset" 127
"../../../Engine/Content/EngineFonts/RobotoDistanceField.uexp" 128
"../../../Engine/Content/EngineMaterials/DefaultTextMaterialOpaque.uasset" 129
"../../../Engine/Content/EngineMaterials/DefaultTextMaterialOpaque.uexp" 130
"../../../Engine/Content/EngineMaterials/DefaultDiffuse.ubulk" 131
"../../../Engine/Content/EngineMaterials/DefaultDiffuse.uasset" 132
"../../../Engine/Content/EngineMaterials/DefaultDiffuse.uexp" 133
"../../../Engine/Content/Functions/Engine_MaterialFunctions02/Utility/BreakOutFloat2Components.uasset" 134
"../../../Engine/Content/Functions/Engine_MaterialFunctions02/Utility/BreakOutFloat2Components.uexp" 135
"../../../Engine/Content/EngineMaterials/DefaultPostProcessMaterial.uasset" 136
"../../../Engine/Content/EngineMaterials/DefaultPostProcessMaterial.uexp" 137
"../../../Engine/Content/EngineMaterials/DefaultPhysicalMaterial.uasset" 138
"../../../Engine/Content/EngineMaterials/DefaultPhysicalMaterial.uexp" 139
"../../../Engine/Content/EngineMaterials/DefaultLightFunctionMaterial.uasset" 140
"../../../Engine/Content/EngineMaterials/DefaultLightFunctionMaterial.uexp" 141
"../../../Engine/Content/EngineMaterials/DefaultDestructiblePhysicalMaterial.uasset" 142
"../../../Engine/Content/EngineMaterials/DefaultDestructiblePhysicalMaterial.uexp" 143
"../../../Engine/Content/EngineMaterials/DefaultDeferredDecalMaterial.uasset" 144
"../../../Engine/Content/EngineMaterials/DefaultDeferredDecalMaterial.uexp" 145
"../../../Engine/Content/EngineMaterials/DefaultBokeh.uasset" 146
"../../../Engine/Content/EngineMaterials/DefaultBokeh.uexp" 147
"../../../Engine/Content/EngineMaterials/DefaultBloomKernel.uasset" 148
"../../../Engine/Content/EngineMaterials/DefaultBloomKernel.uexp" 149
"../../../Engine/Content/EngineMaterials/BlueNoise.uasset" 150
"../../../Engine/Content/EngineMaterials/BlueNoise.uexp" 151
"../../../Engine/Content/EngineFonts/Faces/RobotoLight.uexp" 152
"../../../Engine/Content/EngineFonts/Faces/RobotoLight.uasset" 153
"../../../Engine/Content/EngineFonts/Faces/RobotoLight.ufont" 154
"../../../Engine/Content/EngineFonts/Faces/RobotoBold.uexp" 155
"../../../Engine/Content/EngineFonts/Faces/RobotoBold.uasset" 156
"../../../Engine/Content/EngineFonts/Faces/RobotoBold.ufont" 157
"../../../Engine/Content/EngineFonts/Faces/RobotoRegular.uexp" 158
"../../../Engine/Content/EngineFonts/Faces/RobotoRegular.uasset" 159
"../../../Engine/Content/EngineFonts/Faces/RobotoRegular.ufont" 160
"../../../Engine/Content/EngineFonts/Faces/DroidSansFallback.uexp" 161
"../../../Engine/Content/EngineFonts/Faces/DroidSansFallback.uasset" 162
"../../../Engine/Content/EngineFonts/Faces/DroidSansFallback.ufont" 163
"../../../Engine/Content/EngineFonts/Faces/RobotoItalic.uexp" 164
"../../../Engine/Content/EngineFonts/Faces/RobotoItalic.uasset" 165
"../../../Engine/Content/EngineFonts/Faces/RobotoItalic.ufont" 166
"../../../Engine/Content/EngineFonts/Faces/RobotoBoldItalic.uexp" 167
"../../../Engine/Content/EngineFonts/Faces/RobotoBoldItalic.uasset" 168
"../../../Engine/Content/EngineFonts/Faces/RobotoBoldItalic.ufont" 169
"../../../Engine/Content/EngineFonts/Roboto.uasset" 170
"../../../Engine/Content/EngineFonts/Roboto.uexp" 171
"../../../Engine/Content/Functions/Engine_MaterialFunctions02/Utility/CameraDirectionVector.uasset" 172
"../../../Engine/Content/Functions/Engine_MaterialFunctions02/Utility/CameraDirectionVector.uexp" 173
"../../../Engine/Content/EngineDebugMaterials/VolumeToRender.uasset" 174
"../../../Engine/Content/EngineDebugMaterials/VolumeToRender.uexp" 175
"../../../Engine/Content/EngineDebugMaterials/M_VolumeRenderSphereTracePP.uasset" 176
"../../../Engine/Content/EngineDebugMaterials/M_VolumeRenderSphereTracePP.uexp" 177
"../../../Engine/Content/EngineDebugMaterials/M_SimpleUnlitTranslucent.uasset" 178
"../../../Engine/Content/EngineDebugMaterials/M_SimpleUnlitTranslucent.uexp" 179
"../../../Engine/Content/EngineDebugMaterials/DebugMeshMaterial.uasset" 180
"../../../Engine/Content/EngineDebugMaterials/DebugMeshMaterial.uexp" 181
"../../../Engine/Content/EngineDebugMaterials/DebugEditorMaterial.uasset" 182
"../../../Engine/Content/EngineDebugMaterials/DebugEditorMaterial.uexp" 183
"../../../Engine/Content/EngineDamageTypes/DmgTypeBP_Environmental.uasset" 184
"../../../Engine/Content/EngineDamageTypes/DmgTypeBP_Environmental.uexp" 185
"../../../Engine/Content/EditorResources/S_TriggerSphere.uasset" 186
"../../../Engine/Content/EditorResources/S_TriggerSphere.uexp" 187
"../../../Engine/Content/EditorResources/S_TriggerCapsule.uasset" 188
"../../../Engine/Content/EditorResources/S_TriggerCapsule.uexp" 189
"../../../Engine/Content/EditorResources/S_TriggerBox.uasset" 190
"../../../Engine/Content/EditorResources/S_TriggerBox.uexp" 191
"../../../Engine/Content/EditorResources/S_Trigger.ubulk" 192
"../../../Engine/Content/EditorResources/S_Trigger.uasset" 193
"../../../Engine/Content/EditorResources/S_Trigger.uexp" 194
"../../../Engine/Content/EditorResources/S_Terrain.ubulk" 195
"../../../Engine/Content/EditorResources/S_Terrain.uasset" 196
"../../../Engine/Content/EditorResources/S_Terrain.uexp" 197
"../../../Engine/Content/EditorResources/S_Solver.ubulk" 198
"../../../Engine/Content/EditorResources/S_Solver.uasset" 199
"../../../Engine/Content/EditorResources/S_Solver.uexp" 200
"../../../Engine/Content/EditorResources/S_BoxReflectionCapture.uasset" 201
"../../../Engine/Content/EditorResources/S_BoxReflectionCapture.uexp" 202
"../../../Engine/Content/EditorResources/S_Actor.ubulk" 203
"../../../Engine/Content/EditorResources/S_Actor.uasset" 204
"../../../Engine/Content/EditorResources/S_Actor.uexp" 205
"../../../Engine/Content/EditorResources/EmptyActor.uasset" 206
"../../../Engine/Content/EditorResources/EmptyActor.uexp" 207
"../../../Engine/Content/EditorResources/BSPVertex.uasset" 208
"../../../Engine/Content/EditorResources/BSPVertex.uexp" 209
"../../../Engine/Content/EditorResources/SequenceRecorder/RecordingIndicator.uasset" 210
"../../../Engine/Content/EditorResources/SequenceRecorder/RecordingIndicator.uexp" 211
"../../../Engine/Content/EditorResources/SequenceRecorder/Countdown.uasset" 212
"../../../Engine/Content/EditorResources/SequenceRecorder/Countdown.uexp" 213
"../../../Engine/Content/EditorResources/LightIcons/S_LightError.uasset" 214
"../../../Engine/Content/EditorResources/LightIcons/S_LightError.uexp" 215
"../../../Engine/Content/EditorMaterials/Camera/CineMat.uasset" 216
"../../../Engine/Content/EditorMaterials/Camera/CineMat.uexp" 217
"../../../Engine/Content/EditorMaterials/Camera/MI_CineMat_Rig.uasset" 218
"../../../Engine/Content/EditorMaterials/Camera/MI_CineMat_Rig.uexp" 219
"../../../Engine/Content/EditorMeshes/Camera/SM_RailRig_Track.uasset" 220
"../../../Engine/Content/EditorMeshes/Camera/SM_RailRig_Track.uexp" 221
"../../../Engine/Content/EditorMeshes/Camera/SM_RailRig_Mount.uasset" 222
"../../../Engine/Content/EditorMeshes/Camera/SM_RailRig_Mount.uexp" 223
"../../../Engine/Content/EditorMeshes/Camera/SM_CraneRig_Mount.uasset" 224
"../../../Engine/Content/EditorMeshes/Camera/SM_CraneRig_Mount.uexp" 225
"../../../Engine/Content/EditorMeshes/Camera/SM_CraneRig_Body.uasset" 226
"../../../Engine/Content/EditorMeshes/Camera/SM_CraneRig_Body.uexp" 227
"../../../Engine/Content/EditorMeshes/Camera/SM_CraneRig_Base.uasset" 228
"../../../Engine/Content/EditorMeshes/Camera/SM_CraneRig_Base.uexp" 229
"../../../Engine/Content/EditorMeshes/Camera/SM_CraneRig_Arm.uasset" 230
"../../../Engine/Content/EditorMeshes/Camera/SM_CraneRig_Arm.uexp" 231
"../../../Engine/Content/EditorMaterials/PreviewShadowIndicator.ubulk" 232
"../../../Engine/Content/EditorMaterials/PreviewShadowIndicator.uasset" 233
"../../../Engine/Content/EditorMaterials/PreviewShadowIndicator.uexp" 234
"../../../Engine/Content/EditorMaterials/PreviewShadowIndicatorMaterial.uasset" 235
"../../../Engine/Content/EditorMaterials/PreviewShadowIndicatorMaterial.uexp" 236
"../../../Engine/Content/EditorMaterials/MAT_Groups_Visibility.uasset" 237
"../../../Engine/Content/EditorMaterials/MAT_Groups_Visibility.uexp" 238
"../../../Engine/Content/EditorMaterials/MAT_Groups_Toggle.uasset" 239
"../../../Engine/Content/EditorMaterials/MAT_Groups_Toggle.uexp" 240
"../../../Engine/Content/Functions/Engine_MaterialFunctions02/Utility/MakeFloat4.uasset" 241
"../../../Engine/Content/Functions/Engine_MaterialFunctions02/Utility/MakeFloat4.uexp" 242
"../../../Engine/Content/Functions/Engine_MaterialFunctions02/Utility/MakeFloat3.uasset" 243
"../../../Engine/Content/Functions/Engine_MaterialFunctions02/Utility/MakeFloat3.uexp" 244
"../../../Engine/Content/Functions/Engine_MaterialFunctions02/Utility/BreakOutFloat3Components.uasset" 245
"../../../Engine/Content/Functions/Engine_MaterialFunctions02/Utility/BreakOutFloat3Components.uexp" 246
"../../../Engine/Content/EditorMaterials/WorldPartition/WorldPartitionSpatialHashGridPreviewMaterial.uasset" 247
"../../../Engine/Content/EditorMaterials/WorldPartition/WorldPartitionSpatialHashGridPreviewMaterial.uexp" 248
"../../../Engine/Content/EditorMaterials/ParticleSystems/PSysThumbnail_OOD.ubulk" 249
"../../../Engine/Content/EditorMaterials/ParticleSystems/PSysThumbnail_OOD.uasset" 250
"../../../Engine/Content/EditorMaterials/ParticleSystems/PSysThumbnail_OOD.uexp" 251
"../../../Engine/Content/EditorMaterials/ParticleSystems/PSysThumbnail_NoImage.ubulk" 252
"../../../Engine/Content/EditorMaterials/ParticleSystems/PSysThumbnail_NoImage.uasset" 253
"../../../Engine/Content/EditorMaterials/ParticleSystems/PSysThumbnail_NoImage.uexp" 254
"../../../Engine/Content/EditorMaterials/MatineeGroups/MAT_Groups_Vector.uasset" 255
"../../../Engine/Content/EditorMaterials/MatineeGroups/MAT_Groups_Vector.uexp" 256
"../../../Engine/Content/EditorMaterials/MatineeGroups/MAT_Groups_Sound.uasset" 257
"../../../Engine/Content/EditorMaterials/MatineeGroups/MAT_Groups_Sound.uexp" 258
"../../../Engine/Content/EditorMaterials/MatineeGroups/MAT_Groups_Slomo.uasset" 259
"../../../Engine/Content/EditorMaterials/MatineeGroups/MAT_Groups_Slomo.uexp" 260
"../../../Engine/Content/EditorMaterials/MatineeGroups/MAT_Groups_Move.uasset" 261
"../../../Engine/Content/EditorMaterials/MatineeGroups/MAT_Groups_Move.uexp" 262
"../../../Engine/Content/EditorMaterials/MatineeGroups/MAT_Groups_Float.uasset" 263
"../../../Engine/Content/EditorMaterials/MatineeGroups/MAT_Groups_Float.uexp" 264
"../../../Engine/Content/EditorMaterials/MatineeGroups/MAT_Groups_Fade.uasset" 265
"../../../Engine/Content/EditorMaterials/MatineeGroups/MAT_Groups_Fade.uexp" 266
"../../../Engine/Content/EditorMaterials/MatineeGroups/MAT_Groups_Event.uasset" 267
"../../../Engine/Content/EditorMaterials/MatineeGroups/MAT_Groups_Event.uexp" 268
"../../../Engine/Content/EditorMaterials/MatineeGroups/MAT_Groups_Director.uasset" 269
"../../../Engine/Content/EditorMaterials/MatineeGroups/MAT_Groups_Director.uexp" 270
"../../../Engine/Content/EditorMaterials/MatineeGroups/MAT_Groups_AudioMaster.uasset" 271
"../../../Engine/Content/EditorMaterials/MatineeGroups/MAT_Groups_AudioMaster.uexp" 272
"../../../Engine/Content/EditorMaterials/MatineeGroups/MAT_Groups_Anim.uasset" 273
"../../../Engine/Content/EditorMaterials/MatineeGroups/MAT_Groups_Anim.uexp" 274
"../../../Engine/Content/EditorMaterials/MatineeGroups/MAT_ColorTrack.uasset" 275
"../../../Engine/Content/EditorMaterials/MatineeGroups/MAT_ColorTrack.uexp" 276
"../../../Engine/Content/EditorLandscapeResources/DefaultAlphaTexture.uasset" 277
"../../../Engine/Content/EditorLandscapeResources/DefaultAlphaTexture.uexp" 278
"../../../Engine/Content/EditorLandscapeResources/DataLayer.uasset" 279
"../../../Engine/Content/EditorLandscapeResources/DataLayer.uexp" 280
"../../../Engine/Content/EngineMaterials/T_Default_Material_Grid_M.ubulk" 281
"../../../Engine/Content/EngineMaterials/T_Default_Material_Grid_M.uasset" 282
"../../../Engine/Content/EngineMaterials/T_Default_Material_Grid_M.uexp" 283
"../../../Engine/Content/EngineMaterials/T_Default_Material_Grid_N.ubulk" 284
"../../../Engine/Content/EngineMaterials/T_Default_Material_Grid_N.uasset" 285
"../../../Engine/Content/EngineMaterials/T_Default_Material_Grid_N.uexp" 286
"../../../Engine/Content/Functions/Engine_MaterialFunctions01/Opacity/CameraDepthFade.uasset" 287
"../../../Engine/Content/Functions/Engine_MaterialFunctions01/Opacity/CameraDepthFade.uexp" 288
"../../../Engine/Content/EngineMaterials/DefaultMaterial.uasset" 289
"../../../Engine/Content/EngineMaterials/DefaultMaterial.uexp" 290
"../../../Engine/Content/BasicShapes/Sphere.uasset" 291
"../../../Engine/Content/BasicShapes/Sphere.uexp" 292
"../../../Engine/Content/EngineMaterials/WorldGridMaterial.uasset" 293
"../../../Engine/Content/EngineMaterials/WorldGridMaterial.uexp" 294
"../../../Engine/Content/BasicShapes/Plane.uasset" 295
"../../../Engine/Content/BasicShapes/Plane.uexp" 296
"../../../Engine/Content/BasicShapes/Cylinder.uasset" 297
"../../../Engine/Content/BasicShapes/Cylinder.uexp" 298
"../../../Engine/Content/BasicShapes/Cone.uasset" 299
"../../../Engine/Content/BasicShapes/Cone.uexp" 300
"../../../Engine/Content/ArtTools/RenderToTexture/Meshes/S_1_Unit_Plane.uasset" 301
"../../../Engine/Content/ArtTools/RenderToTexture/Meshes/S_1_Unit_Plane.uexp" 302
"../../../Engine/Content/MapTemplates/Materials/BasicAsset02.uasset" 303
"../../../Engine/Content/MapTemplates/Materials/BasicAsset02.uexp" 304
"../../../Engine/Content/MobileResources/HUD/VirtualJoystick_Background.uasset" 305
"../../../Engine/Content/MobileResources/HUD/VirtualJoystick_Background.uexp" 306
"../../../Engine/Content/MobileResources/HUD/VirtualJoystick_Thumb.uasset" 307
"../../../Engine/Content/MobileResources/HUD/VirtualJoystick_Thumb.uexp" 308
"../../../Engine/Content/MobileResources/HUD/DefaultVirtualJoysticks.uasset" 309
"../../../Engine/Content/MobileResources/HUD/DefaultVirtualJoysticks.uexp" 310
"../../../Engine/Content/EngineMaterials/BlendFunc_DefBlend.uasset" 311
"../../../Engine/Content/EngineMaterials/BlendFunc_DefBlend.uexp" 312
"../../../Engine/Content/EngineMaterials/BlendFunc_DefBase.uasset" 313
"../../../Engine/Content/EngineMaterials/BlendFunc_DefBase.uexp" 314
"../../../Engine/Content/Functions/Engine_MaterialFunctions03/Blends/Blend_Overlay.uasset" 315
"../../../Engine/Content/Functions/Engine_MaterialFunctions03/Blends/Blend_Overlay.uexp" 316
"../../../Engine/Content/OpenWorldTemplate/LandscapeMaterial/T_GridChecker_A.ubulk" 317
"../../../Engine/Content/OpenWorldTemplate/LandscapeMaterial/T_GridChecker_A.uasset" 318
"../../../Engine/Content/OpenWorldTemplate/LandscapeMaterial/T_GridChecker_A.uexp" 319
"../../../Engine/Content/Functions/Engine_MaterialFunctions01/Gradient/LinearGradient.uasset" 320
"../../../Engine/Content/Functions/Engine_MaterialFunctions01/Gradient/LinearGradient.uexp" 321
"../../../Engine/Content/Functions/Engine_MaterialFunctions01/ImageAdjustment/CheapContrast.uasset" 322
"../../../Engine/Content/Functions/Engine_MaterialFunctions01/ImageAdjustment/CheapContrast.uexp" 323
"../../../Engine/Content/OpenWorldTemplate/LandscapeMaterial/MF_ProcGrid.uasset" 324
"../../../Engine/Content/OpenWorldTemplate/LandscapeMaterial/MF_ProcGrid.uexp" 325
"../../../Engine/Content/OpenWorldTemplate/LandscapeMaterial/M_ProcGrid.uasset" 326
"../../../Engine/Content/OpenWorldTemplate/LandscapeMaterial/M_ProcGrid.uexp" 327
"../../../Engine/Content/Tutorial/ContentIntroCurve.uasset" 328
"../../../Engine/Content/Tutorial/ContentIntroCurve.uexp" 329
"../../../Engine/Content/VREditor/TransformGizmo/Main.uasset" 330
"../../../Engine/Content/VREditor/TransformGizmo/Main.uexp" 331
"../../../Engine/Content/VREditor/TransformGizmo/Xray.uasset" 332
"../../../Engine/Content/VREditor/TransformGizmo/Xray.uexp" 333
"../../../Engine/Content/VREditor/TransformGizmo/SM_Sequencer_Node.uasset" 334
"../../../Engine/Content/VREditor/TransformGizmo/SM_Sequencer_Node.uexp" 335
"../../../Engine/Content/VREditor/LaserPointer/VR_LaserPower_01.ubulk" 336
"../../../Engine/Content/VREditor/LaserPointer/VR_LaserPower_01.uasset" 337
"../../../Engine/Content/VREditor/LaserPointer/VR_LaserPower_01.uexp" 338
"../../../Engine/Content/VREditor/TransformGizmo/TransformGizmoMaterial.uasset" 339
"../../../Engine/Content/VREditor/TransformGizmo/TransformGizmoMaterial.uexp" 340
"../../../Engine/Content/VREditor/TransformGizmo/TranslucentTransformGizmoMaterial.uasset" 341
"../../../Engine/Content/VREditor/TransformGizmo/TranslucentTransformGizmoMaterial.uexp" 342
"../../../Engine/Content/VREditor/TransformGizmo/PlaneTranslationHandle.uasset" 343
"../../../Engine/Content/VREditor/TransformGizmo/PlaneTranslationHandle.uexp" 344
"../../../Engine/Content/VREditor/TransformGizmo/BoundingBoxEdge.uasset" 345
"../../../Engine/Content/VREditor/TransformGizmo/BoundingBoxEdge.uexp" 346
"../../../Engine/Content/VREditor/TransformGizmo/BoundingBoxCorner.uasset" 347
"../../../Engine/Content/VREditor/TransformGizmo/BoundingBoxCorner.uexp" 348
"../../../Engine/Plugins/2D/Paper2D/Content/PlaceholderTextures/DummySpriteTexture.ubulk" 349
"../../../Engine/Plugins/2D/Paper2D/Content/PlaceholderTextures/DummySpriteTexture.uasset" 350
"../../../Engine/Plugins/2D/Paper2D/Content/PlaceholderTextures/DummySpriteTexture.uexp" 351
"../../../Engine/Plugins/2D/Paper2D/Content/DefaultSpriteMaterial.uasset" 352
"../../../Engine/Plugins/2D/Paper2D/Content/DefaultSpriteMaterial.uexp" 353
"../../../Engine/Plugins/2D/Paper2D/Content/OpaqueUnlitSpriteMaterial.uasset" 354
"../../../Engine/Plugins/2D/Paper2D/Content/OpaqueUnlitSpriteMaterial.uexp" 355
"../../../Engine/Plugins/2D/Paper2D/Content/MaskedUnlitSpriteMaterial.uasset" 356
"../../../Engine/Plugins/2D/Paper2D/Content/MaskedUnlitSpriteMaterial.uexp" 357
"../../../Engine/Plugins/2D/Paper2D/Content/DummySprite.uasset" 358
"../../../Engine/Plugins/2D/Paper2D/Content/DummySprite.uexp" 359
"../../../Engine/Plugins/2D/Paper2D/Content/DefaultPaperTerrainMaterial.uasset" 360
"../../../Engine/Plugins/2D/Paper2D/Content/DefaultPaperTerrainMaterial.uexp" 361
"../../../Engine/Plugins/Editor/SpeedTreeImporter/Content/SpeedTree9/game_wind_noise.ubulk" 362
"../../../Engine/Plugins/Editor/SpeedTreeImporter/Content/SpeedTree9/game_wind_noise.uasset" 363
"../../../Engine/Plugins/Editor/SpeedTreeImporter/Content/SpeedTree9/game_wind_noise.uexp" 364
"../../../Engine/Plugins/Editor/SpeedTreeImporter/Content/SpeedTree9/UnpackDirection.uasset" 365
"../../../Engine/Plugins/Editor/SpeedTreeImporter/Content/SpeedTree9/UnpackDirection.uexp" 366
"../../../Engine/Content/Functions/Engine_MaterialFunctions02/ObjectLocalBounds.uasset" 367
"../../../Engine/Content/Functions/Engine_MaterialFunctions02/ObjectLocalBounds.uexp" 368
"../../../Engine/Content/Functions/Engine_MaterialFunctions02/UVs/BoundingBoxBased_0-1_UVW.uasset" 369
"../../../Engine/Content/Functions/Engine_MaterialFunctions02/UVs/BoundingBoxBased_0-1_UVW.uexp" 370
"../../../Engine/Content/Functions/Engine_MaterialFunctions02/Utility/VectorLength.uasset" 371
"../../../Engine/Content/Functions/Engine_MaterialFunctions02/Utility/VectorLength.uexp" 372
"../../../Engine/Plugins/Editor/SpeedTreeImporter/Content/SpeedTree9/UnpackInteger3.uasset" 373
"../../../Engine/Plugins/Editor/SpeedTreeImporter/Content/SpeedTree9/UnpackInteger3.uexp" 374
"../../../Engine/Plugins/Editor/SpeedTreeImporter/Content/SpeedTree9/SpeedTreeCameraFacing.uasset" 375
"../../../Engine/Plugins/Editor/SpeedTreeImporter/Content/SpeedTree9/SpeedTreeCameraFacing.uexp" 376
"../../../Engine/Content/Functions/Engine_MaterialFunctions02/WorldPositionOffset/ObjectScale.uasset" 377
"../../../Engine/Content/Functions/Engine_MaterialFunctions02/WorldPositionOffset/ObjectScale.uexp" 378
"../../../Engine/Content/Functions/Engine_MaterialFunctions02/SafeNormalize.uasset" 379
"../../../Engine/Content/Functions/Engine_MaterialFunctions02/SafeNormalize.uexp" 380
"../../../Engine/Plugins/Editor/SpeedTreeImporter/Content/SpeedTree9/SpeedTreeWindMotion.uasset" 381
"../../../Engine/Plugins/Editor/SpeedTreeImporter/Content/SpeedTree9/SpeedTreeWindMotion.uexp" 382
"../../../Engine/Plugins/Editor/SpeedTreeImporter/Content/SpeedTree9/SpeedTreeBranchMotion.uasset" 383
"../../../Engine/Plugins/Editor/SpeedTreeImporter/Content/SpeedTree9/SpeedTreeBranchMotion.uexp" 384
"../../../Engine/Plugins/Editor/SpeedTreeImporter/Content/SpeedTree9/SpeedTreeWind.uasset" 385
"../../../Engine/Plugins/Editor/SpeedTreeImporter/Content/SpeedTree9/SpeedTreeWind.uexp" 386
"../../../Engine/Plugins/Editor/SpeedTreeImporter/Content/SpeedTree9/EmptyNormal.uasset" 387
"../../../Engine/Plugins/Editor/SpeedTreeImporter/Content/SpeedTree9/EmptyNormal.uexp" 388
"../../../Engine/Plugins/Editor/SpeedTreeImporter/Content/SpeedTree9/Empty.uasset" 389
"../../../Engine/Plugins/Editor/SpeedTreeImporter/Content/SpeedTree9/Empty.uexp" 390
"../../../Engine/Plugins/Editor/SpeedTreeImporter/Content/SpeedTree9/SpeedTreeMaster.uasset" 391
"../../../Engine/Plugins/Editor/SpeedTreeImporter/Content/SpeedTree9/SpeedTreeMaster.uexp" 392
"../../../Engine/Plugins/Editor/SpeedTreeImporter/Content/SpeedTree9/SpeedTreeBillboard.uasset" 393
"../../../Engine/Plugins/Editor/SpeedTreeImporter/Content/SpeedTree9/SpeedTreeBillboard.uexp" 394
"../../../Engine/Plugins/Editor/SpeedTreeImporter/Content/SpeedTree9/SpeedTreeBillboardMaster.uasset" 395
"../../../Engine/Plugins/Editor/SpeedTreeImporter/Content/SpeedTree9/SpeedTreeBillboardMaster.uexp" 396
"../../../Engine/Plugins/Animation/ControlRig/Content/M_Manip.uasset" 397
"../../../Engine/Plugins/Animation/ControlRig/Content/M_Manip.uexp" 398
"../../../Engine/Plugins/Animation/ControlRig/Content/Controls/DefaultGizmoLibraryNormalized.uasset" 399
"../../../Engine/Plugins/Animation/ControlRig/Content/Controls/DefaultGizmoLibraryNormalized.uexp" 400
"../../../Engine/Plugins/Animation/ControlRig/Content/Controls/ControlRig_Wedge_solid.uasset" 401
"../../../Engine/Plugins/Animation/ControlRig/Content/Controls/ControlRig_Wedge_solid.uexp" 402
"../../../Engine/Plugins/Animation/ControlRig/Content/Controls/ControlRig_Wedge_3mm.uasset" 403
"../../../Engine/Plugins/Animation/ControlRig/Content/Controls/ControlRig_Wedge_3mm.uexp" 404
"../../../Engine/Plugins/Animation/ControlRig/Content/Controls/ControlRig_Wedge_1mm.uasset" 405
"../../../Engine/Plugins/Animation/ControlRig/Content/Controls/ControlRig_Wedge_1mm.uexp" 406
"../../../Engine/Plugins/Animation/ControlRig/Content/Controls/ControlRig_Triangle_solid.uasset" 407
"../../../Engine/Plugins/Animation/ControlRig/Content/Controls/ControlRig_Triangle_solid.uexp" 408
"../../../Engine/Plugins/Animation/ControlRig/Content/Controls/ControlRig_Triangle_3mm.uasset" 409
"../../../Engine/Plugins/Animation/ControlRig/Content/Controls/ControlRig_Triangle_3mm.uexp" 410
"../../../Engine/Plugins/Animation/ControlRig/Content/Controls/ControlRig_Triangle_1mm.uasset" 411
"../../../Engine/Plugins/Animation/ControlRig/Content/Controls/ControlRig_Triangle_1mm.uexp" 412
"../../../Engine/Plugins/Animation/ControlRig/Content/Controls/ControlRig_Star4_solid.uasset" 413
"../../../Engine/Plugins/Animation/ControlRig/Content/Controls/ControlRig_Star4_solid.uexp" 414
"../../../Engine/Plugins/Animation/ControlRig/Content/Controls/ControlRig_Star4_3mm.uasset" 415
"../../../Engine/Plugins/Animation/ControlRig/Content/Controls/ControlRig_Star4_3mm.uexp" 416
"../../../Engine/Plugins/Animation/ControlRig/Content/Controls/ControlRig_Star4_1mm.uasset" 417
"../../../Engine/Plugins/Animation/ControlRig/Content/Controls/ControlRig_Star4_1mm.uexp" 418
"../../../Engine/Plugins/Animation/ControlRig/Content/Controls/ControlRig_Square_solid.uasset" 419
"../../../Engine/Plugins/Animation/ControlRig/Content/Controls/ControlRig_Square_solid.uexp" 420
"../../../Engine/Plugins/Animation/ControlRig/Content/Controls/ControlRig_Square_3mm.uasset" 421
"../../../Engine/Plugins/Animation/ControlRig/Content/Controls/ControlRig_Square_3mm.uexp" 422
"../../../Engine/Plugins/Animation/ControlRig/Content/Controls/ControlRig_Square_1mm.uasset" 423
"../../../Engine/Plugins/Animation/ControlRig/Content/Controls/ControlRig_Square_1mm.uexp" 424
"../../../Engine/Plugins/Animation/ControlRig/Content/Controls/ControlRig_Sphere_solid.uasset" 425
"../../../Engine/Plugins/Animation/ControlRig/Content/Controls/ControlRig_Sphere_solid.uexp" 426
"../../../Engine/Plugins/Animation/ControlRig/Content/Controls/ControlRig_Sphere_3mm.uasset" 427
"../../../Engine/Plugins/Animation/ControlRig/Content/Controls/ControlRig_Sphere_3mm.uexp" 428
"../../../Engine/Plugins/Animation/ControlRig/Content/Controls/ControlRig_Sphere_1mm.uasset" 429
"../../../Engine/Plugins/Animation/ControlRig/Content/Controls/ControlRig_Sphere_1mm.uexp" 430
"../../../Engine/Plugins/Animation/ControlRig/Content/Controls/ControlRig_RoundedTriangle_solid.uasset" 431
"../../../Engine/Plugins/Animation/ControlRig/Content/Controls/ControlRig_RoundedTriangle_solid.uexp" 432
"../../../Engine/Plugins/Animation/ControlRig/Content/Controls/ControlRig_RoundedTriangle_3mm.uasset" 433
"../../../Engine/Plugins/Animation/ControlRig/Content/Controls/ControlRig_RoundedTriangle_3mm.uexp" 434
"../../../Engine/Plugins/Animation/ControlRig/Content/Controls/ControlRig_RoundedTriangle_1mm.uasset" 435
"../../../Engine/Plugins/Animation/ControlRig/Content/Controls/ControlRig_RoundedTriangle_1mm.uexp" 436
"../../../Engine/Plugins/Animation/ControlRig/Content/Controls/ControlRig_RoundedSquare_solid.uasset" 437
"../../../Engine/Plugins/Animation/ControlRig/Content/Controls/ControlRig_RoundedSquare_solid.uexp" 438
"../../../Engine/Plugins/Animation/ControlRig/Content/Controls/ControlRig_RoundedSquare_3mm.uasset" 439
"../../../Engine/Plugins/Animation/ControlRig/Content/Controls/ControlRig_RoundedSquare_3mm.uexp" 440
"../../../Engine/Plugins/Animation/ControlRig/Content/Controls/ControlRig_RoundedSquare_1mm.uasset" 441
"../../../Engine/Plugins/Animation/ControlRig/Content/Controls/ControlRig_RoundedSquare_1mm.uexp" 442
"../../../Engine/Plugins/Animation/ControlRig/Content/Controls/ControlRig_QuarterCircle_solid.uasset" 443
"../../../Engine/Plugins/Animation/ControlRig/Content/Controls/ControlRig_QuarterCircle_solid.uexp" 444
"../../../Engine/Plugins/Animation/ControlRig/Content/Controls/ControlRig_QuarterCircle_3mm.uasset" 445
"../../../Engine/Plugins/Animation/ControlRig/Content/Controls/ControlRig_QuarterCircle_3mm.uexp" 446
"../../../Engine/Plugins/Animation/ControlRig/Content/Controls/ControlRig_QuarterCircle_1mm.uasset" 447
"../../../Engine/Plugins/Animation/ControlRig/Content/Controls/ControlRig_QuarterCircle_1mm.uexp" 448
"../../../Engine/Plugins/Animation/ControlRig/Content/Controls/ControlRig_Pyramid_solid.uasset" 449
"../../../Engine/Plugins/Animation/ControlRig/Content/Controls/ControlRig_Pyramid_solid.uexp" 450
"../../../Engine/Plugins/Animation/ControlRig/Content/Controls/ControlRig_Pyramid_3mm.uasset" 451
"../../../Engine/Plugins/Animation/ControlRig/Content/Controls/ControlRig_Pyramid_3mm.uexp" 452
"../../../Engine/Plugins/Animation/ControlRig/Content/Controls/ControlRig_Pyramid_1mm.uasset" 453
"../../../Engine/Plugins/Animation/ControlRig/Content/Controls/ControlRig_Pyramid_1mm.uexp" 454
"../../../Engine/Plugins/Animation/ControlRig/Content/Controls/ControlRig_Octagon_solid.uasset" 455
"../../../Engine/Plugins/Animation/ControlRig/Content/Controls/ControlRig_Octagon_solid.uexp" 456
"../../../Engine/Plugins/Animation/ControlRig/Content/Controls/ControlRig_Octagon_3mm.uasset" 457
"../../../Engine/Plugins/Animation/ControlRig/Content/Controls/ControlRig_Octagon_3mm.uexp" 458
"../../../Engine/Plugins/Animation/ControlRig/Content/Controls/ControlRig_Octagon_1mm.uasset" 459
"../../../Engine/Plugins/Animation/ControlRig/Content/Controls/ControlRig_Octagon_1mm.uexp" 460
"../../../Engine/Plugins/Animation/ControlRig/Content/Controls/ControlRig_Hexagon_solid.uasset" 461
"../../../Engine/Plugins/Animation/ControlRig/Content/Controls/ControlRig_Hexagon_solid.uexp" 462
"../../../Engine/Plugins/Animation/ControlRig/Content/Controls/ControlRig_Hexagon_3mm.uasset" 463
"../../../Engine/Plugins/Animation/ControlRig/Content/Controls/ControlRig_Hexagon_3mm.uexp" 464
"../../../Engine/Plugins/Animation/ControlRig/Content/Controls/ControlRig_Hexagon_1mm.uasset" 465
"../../../Engine/Plugins/Animation/ControlRig/Content/Controls/ControlRig_Hexagon_1mm.uexp" 466
"../../../Engine/Plugins/Animation/ControlRig/Content/Controls/ControlRig_HalfCircle_solid.uasset" 467
"../../../Engine/Plugins/Animation/ControlRig/Content/Controls/ControlRig_HalfCircle_solid.uexp" 468
"../../../Engine/Plugins/Animation/ControlRig/Content/Controls/ControlRig_HalfCircle_3mm.uasset" 469
"../../../Engine/Plugins/Animation/ControlRig/Content/Controls/ControlRig_HalfCircle_3mm.uexp" 470
"../../../Engine/Plugins/Animation/ControlRig/Content/Controls/ControlRig_HalfCircle_1mm.uasset" 471
"../../../Engine/Plugins/Animation/ControlRig/Content/Controls/ControlRig_HalfCircle_1mm.uexp" 472
"../../../Engine/Plugins/Animation/ControlRig/Content/Controls/ControlRig_Diamond_solid.uasset" 473
"../../../Engine/Plugins/Animation/ControlRig/Content/Controls/ControlRig_Diamond_solid.uexp" 474
"../../../Engine/Plugins/Animation/ControlRig/Content/Controls/ControlRig_Diamond_3mm.uasset" 475
"../../../Engine/Plugins/Animation/ControlRig/Content/Controls/ControlRig_Diamond_3mm.uexp" 476
"../../../Engine/Plugins/Animation/ControlRig/Content/Controls/ControlRig_Diamond_1mm.uasset" 477
"../../../Engine/Plugins/Animation/ControlRig/Content/Controls/ControlRig_Diamond_1mm.uexp" 478
"../../../Engine/Plugins/Animation/ControlRig/Content/Controls/ControlRig_Circle_solid.uasset" 479
"../../../Engine/Plugins/Animation/ControlRig/Content/Controls/ControlRig_Circle_solid.uexp" 480
"../../../Engine/Plugins/Animation/ControlRig/Content/Controls/ControlRig_Circle_3mm.uasset" 481
"../../../Engine/Plugins/Animation/ControlRig/Content/Controls/ControlRig_Circle_3mm.uexp" 482
"../../../Engine/Plugins/Animation/ControlRig/Content/Controls/ControlRig_Circle_1mm.uasset" 483
"../../../Engine/Plugins/Animation/ControlRig/Content/Controls/ControlRig_Circle_1mm.uexp" 484
"../../../Engine/Plugins/Animation/ControlRig/Content/Controls/ControlRig_Box_solid.uasset" 485
"../../../Engine/Plugins/Animation/ControlRig/Content/Controls/ControlRig_Box_solid.uexp" 486
"../../../Engine/Plugins/Animation/ControlRig/Content/Controls/ControlRig_Box_3mm.uasset" 487
"../../../Engine/Plugins/Animation/ControlRig/Content/Controls/ControlRig_Box_3mm.uexp" 488
"../../../Engine/Plugins/Animation/ControlRig/Content/Controls/ControlRig_Box_1mm.uasset" 489
"../../../Engine/Plugins/Animation/ControlRig/Content/Controls/ControlRig_Box_1mm.uexp" 490
"../../../Engine/Plugins/Animation/ControlRig/Content/Controls/ControlRig_Arrow_solid.uasset" 491
"../../../Engine/Plugins/Animation/ControlRig/Content/Controls/ControlRig_Arrow_solid.uexp" 492
"../../../Engine/Plugins/Animation/ControlRig/Content/Controls/ControlRig_Arrow_3mm.uasset" 493
"../../../Engine/Plugins/Animation/ControlRig/Content/Controls/ControlRig_Arrow_3mm.uexp" 494
"../../../Engine/Plugins/Animation/ControlRig/Content/Controls/ControlRig_Arrow_1mm.uasset" 495
"../../../Engine/Plugins/Animation/ControlRig/Content/Controls/ControlRig_Arrow_1mm.uexp" 496
"../../../Engine/Plugins/Animation/ControlRig/Content/Controls/ControlRig_Arrow4_solid.uasset" 497
"../../../Engine/Plugins/Animation/ControlRig/Content/Controls/ControlRig_Arrow4_solid.uexp" 498
"../../../Engine/Plugins/Animation/ControlRig/Content/Controls/ControlRig_Arrow4_3mm.uasset" 499
"../../../Engine/Plugins/Animation/ControlRig/Content/Controls/ControlRig_Arrow4_3mm.uexp" 500
"../../../Engine/Plugins/Animation/ControlRig/Content/Controls/ControlRig_Arrow4_1mm.uasset" 501
"../../../Engine/Plugins/Animation/ControlRig/Content/Controls/ControlRig_Arrow4_1mm.uexp" 502
"../../../Engine/Plugins/Animation/ControlRig/Content/Controls/ControlRig_Arrow2_solid.uasset" 503
"../../../Engine/Plugins/Animation/ControlRig/Content/Controls/ControlRig_Arrow2_solid.uexp" 504
"../../../Engine/Plugins/Animation/ControlRig/Content/Controls/ControlRig_Arrow2_3mm.uasset" 505
"../../../Engine/Plugins/Animation/ControlRig/Content/Controls/ControlRig_Arrow2_3mm.uexp" 506
"../../../Engine/Plugins/Animation/ControlRig/Content/Controls/ControlRig_Arrow2_1mm.uasset" 507
"../../../Engine/Plugins/Animation/ControlRig/Content/Controls/ControlRig_Arrow2_1mm.uexp" 508
"../../../Engine/Plugins/Animation/ControlRig/Content/Controls/ControlRigGizmoMaterial.uasset" 509
"../../../Engine/Plugins/Animation/ControlRig/Content/Controls/ControlRigGizmoMaterial.uexp" 510
"C:/Users/Colby Toner/Downloads/ToonCompleted/ToonTanks-3e58d0b14770e483fa3bc6e6a7c77ab58b25ee77/Content/Assets/Materials/M_EmissiveBase.uasset" 511
"C:/Users/Colby Toner/Downloads/ToonCompleted/ToonTanks-3e58d0b14770e483fa3bc6e6a7c77ab58b25ee77/Content/Assets/Materials/M_EmissiveBase.uexp" 512
"C:/Users/Colby Toner/Downloads/ToonCompleted/ToonTanks-3e58d0b14770e483fa3bc6e6a7c77ab58b25ee77/Content/Assets/Materials/M_EmissiveGreen_Inst.uasset" 513
"C:/Users/Colby Toner/Downloads/ToonCompleted/ToonTanks-3e58d0b14770e483fa3bc6e6a7c77ab58b25ee77/Content/Assets/Materials/M_EmissiveGreen_Inst.uexp" 514
"C:/Users/Colby Toner/Downloads/ToonCompleted/ToonTanks-3e58d0b14770e483fa3bc6e6a7c77ab58b25ee77/Content/Assets/Textures/T_ColourGrid.ubulk" 515
"C:/Users/Colby Toner/Downloads/ToonCompleted/ToonTanks-3e58d0b14770e483fa3bc6e6a7c77ab58b25ee77/Content/Assets/Textures/T_ColourGrid.uasset" 516
"C:/Users/Colby Toner/Downloads/ToonCompleted/ToonTanks-3e58d0b14770e483fa3bc6e6a7c77ab58b25ee77/Content/Assets/Textures/T_ColourGrid.uexp" 517
"C:/Users/Colby Toner/Downloads/ToonCompleted/ToonTanks-3e58d0b14770e483fa3bc6e6a7c77ab58b25ee77/Content/Assets/Materials/M_TextureBase.uasset" 518
"C:/Users/Colby Toner/Downloads/ToonCompleted/ToonTanks-3e58d0b14770e483fa3bc6e6a7c77ab58b25ee77/Content/Assets/Materials/M_TextureBase.uexp" 519
"C:/Users/Colby Toner/Downloads/ToonCompleted/ToonTanks-3e58d0b14770e483fa3bc6e6a7c77ab58b25ee77/Content/Assets/Materials/M_Texture_Inst.uasset" 520
"C:/Users/Colby Toner/Downloads/ToonCompleted/ToonTanks-3e58d0b14770e483fa3bc6e6a7c77ab58b25ee77/Content/Assets/Materials/M_Texture_Inst.uexp" 521
"C:/Users/Colby Toner/Downloads/ToonCompleted/ToonTanks-3e58d0b14770e483fa3bc6e6a7c77ab58b25ee77/Content/Assets/Meshes/SM_TankBase.uasset" 522
"C:/Users/Colby Toner/Downloads/ToonCompleted/ToonTanks-3e58d0b14770e483fa3bc6e6a7c77ab58b25ee77/Content/Assets/Meshes/SM_TankBase.uexp" 523
"C:/Users/Colby Toner/Downloads/ToonCompleted/ToonTanks-3e58d0b14770e483fa3bc6e6a7c77ab58b25ee77/Content/Assets/Meshes/SM_TankTurret.uasset" 524
"C:/Users/Colby Toner/Downloads/ToonCompleted/ToonTanks-3e58d0b14770e483fa3bc6e6a7c77ab58b25ee77/Content/Assets/Meshes/SM_TankTurret.uexp" 525
"C:/Users/Colby Toner/Downloads/ToonCompleted/ToonTanks-3e58d0b14770e483fa3bc6e6a7c77ab58b25ee77/Content/ComponentsActor.uasset" 526
"C:/Users/Colby Toner/Downloads/ToonCompleted/ToonTanks-3e58d0b14770e483fa3bc6e6a7c77ab58b25ee77/Content/ComponentsActor.uexp" 527
"../../../Engine/Plugins/Runtime/HairStrands/Content/Materials/HairMeshesDefaultMaterial.uasset" 528
"../../../Engine/Plugins/Runtime/HairStrands/Content/Materials/HairMeshesDefaultMaterial.uexp" 529
"../../../Engine/Plugins/Runtime/HairStrands/Content/Materials/HairDefaultMaterial.uasset" 530
"../../../Engine/Plugins/Runtime/HairStrands/Content/Materials/HairDefaultMaterial.uexp" 531
"../../../Engine/Plugins/Runtime/HairStrands/Content/Materials/HairGroupColors.uasset" 532
"../../../Engine/Plugins/Runtime/HairStrands/Content/Materials/HairGroupColors.uexp" 533
"../../../Engine/Content/EngineMaterials/HairColorMap.uasset" 534
"../../../Engine/Content/EngineMaterials/HairColorMap.uexp" 535
"../../../Engine/Content/EngineMaterials/HairDebugColor.uasset" 536
"../../../Engine/Content/EngineMaterials/HairDebugColor.uexp" 537
"../../../Engine/Plugins/Runtime/HairStrands/Content/Materials/HairDebugMaterial.uasset" 538
"../../../Engine/Plugins/Runtime/HairStrands/Content/Materials/HairDebugMaterial.uexp" 539
"../../../Engine/Plugins/Runtime/HairStrands/Content/Materials/HairCardsDefaultMaterial.uasset" 540
"../../../Engine/Plugins/Runtime/HairStrands/Content/Materials/HairCardsDefaultMaterial.uexp" 541
"C:/Users/Colby Toner/Downloads/ToonCompleted/ToonTanks-3e58d0b14770e483fa3bc6e6a7c77ab58b25ee77/Content/Assets/Pictures/MainMenuToonTank.uasset" 542
"C:/Users/Colby Toner/Downloads/ToonCompleted/ToonTanks-3e58d0b14770e483fa3bc6e6a7c77ab58b25ee77/Content/Assets/Pictures/MainMenuToonTank.uexp" 543
"C:/Users/Colby Toner/Downloads/ToonCompleted/ToonTanks-3e58d0b14770e483fa3bc6e6a7c77ab58b25ee77/Content/Blueprints/CameraShake/BP_HitCameraShake.uasset" 544
"C:/Users/Colby Toner/Downloads/ToonCompleted/ToonTanks-3e58d0b14770e483fa3bc6e6a7c77ab58b25ee77/Content/Blueprints/CameraShake/BP_HitCameraShake.uexp" 545
"C:/Users/Colby Toner/Downloads/ToonCompleted/ToonTanks-3e58d0b14770e483fa3bc6e6a7c77ab58b25ee77/Content/Assets/Audio/HitShootySound.ubulk" 546
"C:/Users/Colby Toner/Downloads/ToonCompleted/ToonTanks-3e58d0b14770e483fa3bc6e6a7c77ab58b25ee77/Content/Assets/Audio/HitShootySound.uasset" 547
"C:/Users/Colby Toner/Downloads/ToonCompleted/ToonTanks-3e58d0b14770e483fa3bc6e6a7c77ab58b25ee77/Content/Assets/Audio/HitShootySound.uexp" 548
"C:/Users/Colby Toner/Downloads/ToonCompleted/ToonTanks-3e58d0b14770e483fa3bc6e6a7c77ab58b25ee77/Content/Assets/Materials/M_ParticleBase.uasset" 549
"C:/Users/Colby Toner/Downloads/ToonCompleted/ToonTanks-3e58d0b14770e483fa3bc6e6a7c77ab58b25ee77/Content/Assets/Materials/M_ParticleBase.uexp" 550
"C:/Users/Colby Toner/Downloads/ToonCompleted/ToonTanks-3e58d0b14770e483fa3bc6e6a7c77ab58b25ee77/Content/Assets/Materials/M_Particle_Inst.uasset" 551
"C:/Users/Colby Toner/Downloads/ToonCompleted/ToonTanks-3e58d0b14770e483fa3bc6e6a7c77ab58b25ee77/Content/Assets/Materials/M_Particle_Inst.uexp" 552
"C:/Users/Colby Toner/Downloads/ToonCompleted/ToonTanks-3e58d0b14770e483fa3bc6e6a7c77ab58b25ee77/Content/Assets/Meshes/SM_Sphere.uasset" 553
"C:/Users/Colby Toner/Downloads/ToonCompleted/ToonTanks-3e58d0b14770e483fa3bc6e6a7c77ab58b25ee77/Content/Assets/Meshes/SM_Sphere.uexp" 554
"C:/Users/Colby Toner/Downloads/ToonCompleted/ToonTanks-3e58d0b14770e483fa3bc6e6a7c77ab58b25ee77/Content/Assets/Effects/P_ProjectileTrail.uasset" 555
"C:/Users/Colby Toner/Downloads/ToonCompleted/ToonTanks-3e58d0b14770e483fa3bc6e6a7c77ab58b25ee77/Content/Assets/Effects/P_ProjectileTrail.uexp" 556
"C:/Users/Colby Toner/Downloads/ToonCompleted/ToonTanks-3e58d0b14770e483fa3bc6e6a7c77ab58b25ee77/Content/Assets/Materials/M_EmissiveRed_Inst.uasset" 557
"C:/Users/Colby Toner/Downloads/ToonCompleted/ToonTanks-3e58d0b14770e483fa3bc6e6a7c77ab58b25ee77/Content/Assets/Materials/M_EmissiveRed_Inst.uexp" 558
"C:/Users/Colby Toner/Downloads/ToonCompleted/ToonTanks-3e58d0b14770e483fa3bc6e6a7c77ab58b25ee77/Content/Assets/Meshes/SM_Projectile.uasset" 559
"C:/Users/Colby Toner/Downloads/ToonCompleted/ToonTanks-3e58d0b14770e483fa3bc6e6a7c77ab58b25ee77/Content/Assets/Meshes/SM_Projectile.uexp" 560
"C:/Users/Colby Toner/Downloads/ToonCompleted/ToonTanks-3e58d0b14770e483fa3bc6e6a7c77ab58b25ee77/Content/Assets/Audio/Thud_Audio.ubulk" 561
"C:/Users/Colby Toner/Downloads/ToonCompleted/ToonTanks-3e58d0b14770e483fa3bc6e6a7c77ab58b25ee77/Content/Assets/Audio/Thud_Audio.uasset" 562
"C:/Users/Colby Toner/Downloads/ToonCompleted/ToonTanks-3e58d0b14770e483fa3bc6e6a7c77ab58b25ee77/Content/Assets/Audio/Thud_Audio.uexp" 563
"C:/Users/Colby Toner/Downloads/ToonCompleted/ToonTanks-3e58d0b14770e483fa3bc6e6a7c77ab58b25ee77/Content/Assets/Effects/P_HitEffect.uasset" 564
"C:/Users/Colby Toner/Downloads/ToonCompleted/ToonTanks-3e58d0b14770e483fa3bc6e6a7c77ab58b25ee77/Content/Assets/Effects/P_HitEffect.uexp" 565
"C:/Users/Colby Toner/Downloads/ToonCompleted/ToonTanks-3e58d0b14770e483fa3bc6e6a7c77ab58b25ee77/Content/Blueprints/Actors/BP_Projectile.uasset" 566
"C:/Users/Colby Toner/Downloads/ToonCompleted/ToonTanks-3e58d0b14770e483fa3bc6e6a7c77ab58b25ee77/Content/Blueprints/Actors/BP_Projectile.uexp" 567
"C:/Users/Colby Toner/Downloads/ToonCompleted/ToonTanks-3e58d0b14770e483fa3bc6e6a7c77ab58b25ee77/Content/Assets/Effects/P_DeathEffect.uasset" 568
"C:/Users/Colby Toner/Downloads/ToonCompleted/ToonTanks-3e58d0b14770e483fa3bc6e6a7c77ab58b25ee77/Content/Assets/Effects/P_DeathEffect.uexp" 569
"C:/Users/Colby Toner/Downloads/ToonCompleted/ToonTanks-3e58d0b14770e483fa3bc6e6a7c77ab58b25ee77/Content/Assets/Audio/Explode_Audio.ubulk" 570
"C:/Users/Colby Toner/Downloads/ToonCompleted/ToonTanks-3e58d0b14770e483fa3bc6e6a7c77ab58b25ee77/Content/Assets/Audio/Explode_Audio.uasset" 571
"C:/Users/Colby Toner/Downloads/ToonCompleted/ToonTanks-3e58d0b14770e483fa3bc6e6a7c77ab58b25ee77/Content/Assets/Audio/Explode_Audio.uexp" 572
"C:/Users/Colby Toner/Downloads/ToonCompleted/ToonTanks-3e58d0b14770e483fa3bc6e6a7c77ab58b25ee77/Content/Blueprints/CameraShake/BP_DeathCameraShake.uasset" 573
"C:/Users/Colby Toner/Downloads/ToonCompleted/ToonTanks-3e58d0b14770e483fa3bc6e6a7c77ab58b25ee77/Content/Blueprints/CameraShake/BP_DeathCameraShake.uexp" 574
"C:/Users/Colby Toner/Downloads/ToonCompleted/ToonTanks-3e58d0b14770e483fa3bc6e6a7c77ab58b25ee77/Content/Blueprints/Pawns/BP_PawnTank1.uasset" 575
"C:/Users/Colby Toner/Downloads/ToonCompleted/ToonTanks-3e58d0b14770e483fa3bc6e6a7c77ab58b25ee77/Content/Blueprints/Pawns/BP_PawnTank1.uexp" 576
"C:/Users/Colby Toner/Downloads/ToonCompleted/ToonTanks-3e58d0b14770e483fa3bc6e6a7c77ab58b25ee77/Content/Blueprints/Widgits/BP_HealthBarTank.uasset" 577
"C:/Users/Colby Toner/Downloads/ToonCompleted/ToonTanks-3e58d0b14770e483fa3bc6e6a7c77ab58b25ee77/Content/Blueprints/Widgits/BP_HealthBarTank.uexp" 578
"C:/Users/Colby Toner/Downloads/ToonCompleted/ToonTanks-3e58d0b14770e483fa3bc6e6a7c77ab58b25ee77/Content/Blueprints/Widgits/WBP_StartGameBluePrint.uasset" 579
"C:/Users/Colby Toner/Downloads/ToonCompleted/ToonTanks-3e58d0b14770e483fa3bc6e6a7c77ab58b25ee77/Content/Blueprints/Widgits/WBP_StartGameBluePrint.uexp" 580
"C:/Users/Colby Toner/Downloads/ToonCompleted/ToonTanks-3e58d0b14770e483fa3bc6e6a7c77ab58b25ee77/Content/Blueprints/Widgits/WBP_EndGameBluePrint.uasset" 581
"C:/Users/Colby Toner/Downloads/ToonCompleted/ToonTanks-3e58d0b14770e483fa3bc6e6a7c77ab58b25ee77/Content/Blueprints/Widgits/WBP_EndGameBluePrint.uexp" 582
"C:/Users/Colby Toner/Downloads/ToonCompleted/ToonTanks-3e58d0b14770e483fa3bc6e6a7c77ab58b25ee77/Content/Blueprints/PlayerControllers/BP_PlayerController.uasset" 583
"C:/Users/Colby Toner/Downloads/ToonCompleted/ToonTanks-3e58d0b14770e483fa3bc6e6a7c77ab58b25ee77/Content/Blueprints/PlayerControllers/BP_PlayerController.uexp" 584
"C:/Users/Colby Toner/Downloads/ToonCompleted/ToonTanks-3e58d0b14770e483fa3bc6e6a7c77ab58b25ee77/Content/Blueprints/Gamemode/BP_Gamemode.uasset" 585
"C:/Users/Colby Toner/Downloads/ToonCompleted/ToonTanks-3e58d0b14770e483fa3bc6e6a7c77ab58b25ee77/Content/Blueprints/Gamemode/BP_Gamemode.uexp" 586
"C:/Users/Colby Toner/Downloads/ToonCompleted/ToonTanks-3e58d0b14770e483fa3bc6e6a7c77ab58b25ee77/Content/Maps/MainMenuTest.ubulk" 587
"C:/Users/Colby Toner/Downloads/ToonCompleted/ToonTanks-3e58d0b14770e483fa3bc6e6a7c77ab58b25ee77/Content/Maps/MainMenuTest.uasset" 588
"C:/Users/Colby Toner/Downloads/ToonCompleted/ToonTanks-3e58d0b14770e483fa3bc6e6a7c77ab58b25ee77/Content/Maps/MainMenuTest.uexp" 589
"../../../Engine/Content/Maps/Entry_BuiltData.uasset" 590
"../../../Engine/Content/Maps/Entry_BuiltData.uexp" 591
"../../../Engine/Content/Maps/Entry.uexp" 592
"../../../Engine/Content/Maps/Entry.umap" 593
"C:/Users/Colby Toner/Downloads/ToonCompleted/ToonTanks-3e58d0b14770e483fa3bc6e6a7c77ab58b25ee77/Content/Blueprints/Widgits/WBP_MainMenu.uasset" 594
"C:/Users/Colby Toner/Downloads/ToonCompleted/ToonTanks-3e58d0b14770e483fa3bc6e6a7c77ab58b25ee77/Content/Blueprints/Widgits/WBP_MainMenu.uexp" 595
"C:/Users/Colby Toner/Downloads/ToonCompleted/ToonTanks-3e58d0b14770e483fa3bc6e6a7c77ab58b25ee77/Content/Maps/MainMenu_HLOD0_Instancing.uasset" 596
"C:/Users/Colby Toner/Downloads/ToonCompleted/ToonTanks-3e58d0b14770e483fa3bc6e6a7c77ab58b25ee77/Content/Maps/MainMenu_HLOD0_Instancing.uexp" 597
"C:/Users/Colby Toner/Downloads/ToonCompleted/ToonTanks-3e58d0b14770e483fa3bc6e6a7c77ab58b25ee77/Content/Blueprints/Gamemode/BP_MainMenuGameMode.uasset" 598
"C:/Users/Colby Toner/Downloads/ToonCompleted/ToonTanks-3e58d0b14770e483fa3bc6e6a7c77ab58b25ee77/Content/Blueprints/Gamemode/BP_MainMenuGameMode.uexp" 599
"C:/Users/Colby Toner/Downloads/ToonCompleted/ToonTanks-3e58d0b14770e483fa3bc6e6a7c77ab58b25ee77/Content/Maps/MainMenu.uexp" 600
"C:/Users/Colby Toner/Downloads/ToonCompleted/ToonTanks-3e58d0b14770e483fa3bc6e6a7c77ab58b25ee77/Content/Maps/MainMenu.ubulk" 601
"C:/Users/Colby Toner/Downloads/ToonCompleted/ToonTanks-3e58d0b14770e483fa3bc6e6a7c77ab58b25ee77/Content/Maps/MainMenu.umap" 602
"C:/Users/Colby Toner/Downloads/ToonCompleted/ToonTanks-3e58d0b14770e483fa3bc6e6a7c77ab58b25ee77/Content/Maps/Main_BuiltData.ubulk" 603
"C:/Users/Colby Toner/Downloads/ToonCompleted/ToonTanks-3e58d0b14770e483fa3bc6e6a7c77ab58b25ee77/Content/Maps/Main_BuiltData.uasset" 604
"C:/Users/Colby Toner/Downloads/ToonCompleted/ToonTanks-3e58d0b14770e483fa3bc6e6a7c77ab58b25ee77/Content/Maps/Main_BuiltData.uexp" 605
"C:/Users/Colby Toner/Downloads/ToonCompleted/ToonTanks-3e58d0b14770e483fa3bc6e6a7c77ab58b25ee77/Content/Assets/Meshes/SM_TowerTurret.uasset" 606
"C:/Users/Colby Toner/Downloads/ToonCompleted/ToonTanks-3e58d0b14770e483fa3bc6e6a7c77ab58b25ee77/Content/Assets/Meshes/SM_TowerTurret.uexp" 607
"C:/Users/Colby Toner/Downloads/ToonCompleted/ToonTanks-3e58d0b14770e483fa3bc6e6a7c77ab58b25ee77/Content/Assets/Meshes/SM_TowerBase.uasset" 608
"C:/Users/Colby Toner/Downloads/ToonCompleted/ToonTanks-3e58d0b14770e483fa3bc6e6a7c77ab58b25ee77/Content/Assets/Meshes/SM_TowerBase.uexp" 609
"C:/Users/Colby Toner/Downloads/ToonCompleted/ToonTanks-3e58d0b14770e483fa3bc6e6a7c77ab58b25ee77/Content/Blueprints/Widgits/WBP_TowerHealthBar.uasset" 610
"C:/Users/Colby Toner/Downloads/ToonCompleted/ToonTanks-3e58d0b14770e483fa3bc6e6a7c77ab58b25ee77/Content/Blueprints/Widgits/WBP_TowerHealthBar.uexp" 611
"C:/Users/Colby Toner/Downloads/ToonCompleted/ToonTanks-3e58d0b14770e483fa3bc6e6a7c77ab58b25ee77/Content/Blueprints/Pawns/BP_PawnTurret.uasset" 612
"C:/Users/Colby Toner/Downloads/ToonCompleted/ToonTanks-3e58d0b14770e483fa3bc6e6a7c77ab58b25ee77/Content/Blueprints/Pawns/BP_PawnTurret.uexp" 613
"../../../Engine/Content/EngineSky/C_Sky_Horizon_Color.uasset" 614
"../../../Engine/Content/EngineSky/C_Sky_Horizon_Color.uexp" 615
"../../../Engine/Content/EngineSky/T_Sky_Stars.ubulk" 616
"../../../Engine/Content/EngineSky/T_Sky_Stars.uasset" 617
"../../../Engine/Content/EngineSky/T_Sky_Stars.uexp" 618
"../../../Engine/Content/EngineSky/T_Sky_Clouds_M.ubulk" 619
"../../../Engine/Content/EngineSky/T_Sky_Clouds_M.uasset" 620
"../../../Engine/Content/EngineSky/T_Sky_Clouds_M.uexp" 621
"../../../Engine/Content/EngineSky/T_Sky_Blue.ubulk" 622
"../../../Engine/Content/EngineSky/T_Sky_Blue.uasset" 623
"../../../Engine/Content/EngineSky/T_Sky_Blue.uexp" 624
"../../../Engine/Content/EngineSky/M_Sky_Panning_Clouds2.uasset" 625
"../../../Engine/Content/EngineSky/M_Sky_Panning_Clouds2.uexp" 626
"../../../Engine/Content/EngineSky/SM_SkySphere.uasset" 627
"../../../Engine/Content/EngineSky/SM_SkySphere.uexp" 628
"../../../Engine/Content/EngineSky/C_Sky_Cloud_Color.uasset" 629
"../../../Engine/Content/EngineSky/C_Sky_Cloud_Color.uexp" 630
"../../../Engine/Content/EngineSky/C_Sky_Zenith_Color.uasset" 631
"../../../Engine/Content/EngineSky/C_Sky_Zenith_Color.uexp" 632
"../../../Engine/Content/EditorBlueprintResources/StandardMacros.uasset" 633
"../../../Engine/Content/EditorBlueprintResources/StandardMacros.uexp" 634
"../../../Engine/Content/EngineSky/BP_Sky_Sphere.uasset" 635
"../../../Engine/Content/EngineSky/BP_Sky_Sphere.uexp" 636
"../../../Engine/Content/BasicShapes/Cube.uasset" 637
"../../../Engine/Content/BasicShapes/Cube.uexp" 638
"../../../Engine/Content/MapTemplates/SM_Template_Map_Floor.uasset" 639
"../../../Engine/Content/MapTemplates/SM_Template_Map_Floor.uexp" 640
"C:/Users/Colby Toner/Downloads/ToonCompleted/ToonTanks-3e58d0b14770e483fa3bc6e6a7c77ab58b25ee77/Content/Assets/Textures/T_BasicGrid_M.ubulk" 641
"C:/Users/Colby Toner/Downloads/ToonCompleted/ToonTanks-3e58d0b14770e483fa3bc6e6a7c77ab58b25ee77/Content/Assets/Textures/T_BasicGrid_M.uasset" 642
"C:/Users/Colby Toner/Downloads/ToonCompleted/ToonTanks-3e58d0b14770e483fa3bc6e6a7c77ab58b25ee77/Content/Assets/Textures/T_BasicGrid_M.uexp" 643
"C:/Users/Colby Toner/Downloads/ToonCompleted/ToonTanks-3e58d0b14770e483fa3bc6e6a7c77ab58b25ee77/Content/Assets/Materials/Functions/Basic/MakeSet.uasset" 644
"C:/Users/Colby Toner/Downloads/ToonCompleted/ToonTanks-3e58d0b14770e483fa3bc6e6a7c77ab58b25ee77/Content/Assets/Materials/Functions/Basic/MakeSet.uexp" 645
"C:/Users/Colby Toner/Downloads/ToonCompleted/ToonTanks-3e58d0b14770e483fa3bc6e6a7c77ab58b25ee77/Content/Assets/Materials/Functions/Basic/BreakSet.uasset" 646
"C:/Users/Colby Toner/Downloads/ToonCompleted/ToonTanks-3e58d0b14770e483fa3bc6e6a7c77ab58b25ee77/Content/Assets/Materials/Functions/Basic/BreakSet.uexp" 647
"C:/Users/Colby Toner/Downloads/ToonCompleted/ToonTanks-3e58d0b14770e483fa3bc6e6a7c77ab58b25ee77/Content/Assets/Materials/Functions/Texture/Tex_SimpleGrid.uasset" 648
"C:/Users/Colby Toner/Downloads/ToonCompleted/ToonTanks-3e58d0b14770e483fa3bc6e6a7c77ab58b25ee77/Content/Assets/Materials/Functions/Texture/Tex_SimpleGrid.uexp" 649
"../../../Engine/Content/Functions/Engine_MaterialFunctions02/Utility/Sign.uasset" 650
"../../../Engine/Content/Functions/Engine_MaterialFunctions02/Utility/Sign.uexp" 651
"C:/Users/Colby Toner/Downloads/ToonCompleted/ToonTanks-3e58d0b14770e483fa3bc6e6a7c77ab58b25ee77/Content/Assets/Textures/T_BasicGrid_N.ubulk" 652
"C:/Users/Colby Toner/Downloads/ToonCompleted/ToonTanks-3e58d0b14770e483fa3bc6e6a7c77ab58b25ee77/Content/Assets/Textures/T_BasicGrid_N.uasset" 653
"C:/Users/Colby Toner/Downloads/ToonCompleted/ToonTanks-3e58d0b14770e483fa3bc6e6a7c77ab58b25ee77/Content/Assets/Textures/T_BasicGrid_N.uexp" 654
"../../../Engine/Content/Functions/Engine_MaterialFunctions02/Utility/Round.uasset" 655
"../../../Engine/Content/Functions/Engine_MaterialFunctions02/Utility/Round.uexp" 656
"C:/Users/Colby Toner/Downloads/ToonCompleted/ToonTanks-3e58d0b14770e483fa3bc6e6a7c77ab58b25ee77/Content/Assets/Materials/Functions/Texture/Dye_SingleColor.uasset" 657
"C:/Users/Colby Toner/Downloads/ToonCompleted/ToonTanks-3e58d0b14770e483fa3bc6e6a7c77ab58b25ee77/Content/Assets/Materials/Functions/Texture/Dye_SingleColor.uexp" 658
"C:/Users/Colby Toner/Downloads/ToonCompleted/ToonTanks-3e58d0b14770e483fa3bc6e6a7c77ab58b25ee77/Content/Assets/Materials/Functions/UV/UV_SetupGrid.uasset" 659
"C:/Users/Colby Toner/Downloads/ToonCompleted/ToonTanks-3e58d0b14770e483fa3bc6e6a7c77ab58b25ee77/Content/Assets/Materials/Functions/UV/UV_SetupGrid.uexp" 660
"C:/Users/Colby Toner/Downloads/ToonCompleted/ToonTanks-3e58d0b14770e483fa3bc6e6a7c77ab58b25ee77/Content/Assets/Materials/Functions/UV/UV_ObjectScalable.uasset" 661
"C:/Users/Colby Toner/Downloads/ToonCompleted/ToonTanks-3e58d0b14770e483fa3bc6e6a7c77ab58b25ee77/Content/Assets/Materials/Functions/UV/UV_ObjectScalable.uexp" 662
"C:/Users/Colby Toner/Downloads/ToonCompleted/ToonTanks-3e58d0b14770e483fa3bc6e6a7c77ab58b25ee77/Content/Assets/Materials/Base/M_GridBase.uasset" 663
"C:/Users/Colby Toner/Downloads/ToonCompleted/ToonTanks-3e58d0b14770e483fa3bc6e6a7c77ab58b25ee77/Content/Assets/Materials/Base/M_GridBase.uexp" 664
"C:/Users/Colby Toner/Downloads/ToonCompleted/ToonTanks-3e58d0b14770e483fa3bc6e6a7c77ab58b25ee77/Content/Assets/Materials/Base/M_Grid_Inst.uasset" 665
"C:/Users/Colby Toner/Downloads/ToonCompleted/ToonTanks-3e58d0b14770e483fa3bc6e6a7c77ab58b25ee77/Content/Assets/Materials/Base/M_Grid_Inst.uexp" 666
"C:/Users/Colby Toner/Downloads/ToonCompleted/ToonTanks-3e58d0b14770e483fa3bc6e6a7c77ab58b25ee77/Content/Maps/Main.uexp" 667
"C:/Users/Colby Toner/Downloads/ToonCompleted/ToonTanks-3e58d0b14770e483fa3bc6e6a7c77ab58b25ee77/Content/Maps/Main.umap" 668
"C:/Users/Colby Toner/Downloads/ToonCompleted/ToonTanks-3e58d0b14770e483fa3bc6e6a7c77ab58b25ee77/Content/Maps/MainMenu/_Generated_/MainMenu_MainGrid_L1_X1_Y0_DL0.uexp" 669
"C:/Users/Colby Toner/Downloads/ToonCompleted/ToonTanks-3e58d0b14770e483fa3bc6e6a7c77ab58b25ee77/Content/Maps/MainMenu/_Generated_/MainMenu_MainGrid_L1_X1_Y0_DL0.ubulk" 670
"C:/Users/Colby Toner/Downloads/ToonCompleted/ToonTanks-3e58d0b14770e483fa3bc6e6a7c77ab58b25ee77/Content/Maps/MainMenu/_Generated_/MainMenu_MainGrid_L1_X1_Y0_DL0.umap" 671
"C:/Users/Colby Toner/Downloads/ToonCompleted/ToonTanks-3e58d0b14770e483fa3bc6e6a7c77ab58b25ee77/Content/Maps/MainMenu/_Generated_/MainMenu_MainGrid_L0_X0_Y0_DL0.uexp" 672
"C:/Users/Colby Toner/Downloads/ToonCompleted/ToonTanks-3e58d0b14770e483fa3bc6e6a7c77ab58b25ee77/Content/Maps/MainMenu/_Generated_/MainMenu_MainGrid_L0_X0_Y0_DL0.umap" 673
"C:/Users/Colby Toner/Downloads/ToonCompleted/ToonTanks-3e58d0b14770e483fa3bc6e6a7c77ab58b25ee77/Content/Maps/MainMenu/_Generated_/MainMenu_MainGrid_L1_X-1_Y-2_DL0.uexp" 674
"C:/Users/Colby Toner/Downloads/ToonCompleted/ToonTanks-3e58d0b14770e483fa3bc6e6a7c77ab58b25ee77/Content/Maps/MainMenu/_Generated_/MainMenu_MainGrid_L1_X-1_Y-2_DL0.ubulk" 675
"C:/Users/Colby Toner/Downloads/ToonCompleted/ToonTanks-3e58d0b14770e483fa3bc6e6a7c77ab58b25ee77/Content/Maps/MainMenu/_Generated_/MainMenu_MainGrid_L1_X-1_Y-2_DL0.umap" 676
"C:/Users/Colby Toner/Downloads/ToonCompleted/ToonTanks-3e58d0b14770e483fa3bc6e6a7c77ab58b25ee77/Content/Maps/MainMenu/_Generated_/MainMenu_MainGrid_L1_X-1_Y-1_DL0.uexp" 677
"C:/Users/Colby Toner/Downloads/ToonCompleted/ToonTanks-3e58d0b14770e483fa3bc6e6a7c77ab58b25ee77/Content/Maps/MainMenu/_Generated_/MainMenu_MainGrid_L1_X-1_Y-1_DL0.ubulk" 678
"C:/Users/Colby Toner/Downloads/ToonCompleted/ToonTanks-3e58d0b14770e483fa3bc6e6a7c77ab58b25ee77/Content/Maps/MainMenu/_Generated_/MainMenu_MainGrid_L1_X-1_Y-1_DL0.umap" 679
"C:/Users/Colby Toner/Downloads/ToonCompleted/ToonTanks-3e58d0b14770e483fa3bc6e6a7c77ab58b25ee77/Content/Maps/MainMenu/_Generated_/MainMenu_MainGrid_L1_X1_Y-1_DL0.uexp" 680
"C:/Users/Colby Toner/Downloads/ToonCompleted/ToonTanks-3e58d0b14770e483fa3bc6e6a7c77ab58b25ee77/Content/Maps/MainMenu/_Generated_/MainMenu_MainGrid_L1_X1_Y-1_DL0.ubulk" 681
"C:/Users/Colby Toner/Downloads/ToonCompleted/ToonTanks-3e58d0b14770e483fa3bc6e6a7c77ab58b25ee77/Content/Maps/MainMenu/_Generated_/MainMenu_MainGrid_L1_X1_Y-1_DL0.umap" 682
"C:/Users/Colby Toner/Downloads/ToonCompleted/ToonTanks-3e58d0b14770e483fa3bc6e6a7c77ab58b25ee77/Content/Maps/MainMenu/_Generated_/MainMenu_MainGrid_L1_X1_Y-2_DL0.uexp" 683
"C:/Users/Colby Toner/Downloads/ToonCompleted/ToonTanks-3e58d0b14770e483fa3bc6e6a7c77ab58b25ee77/Content/Maps/MainMenu/_Generated_/MainMenu_MainGrid_L1_X1_Y-2_DL0.ubulk" 684
"C:/Users/Colby Toner/Downloads/ToonCompleted/ToonTanks-3e58d0b14770e483fa3bc6e6a7c77ab58b25ee77/Content/Maps/MainMenu/_Generated_/MainMenu_MainGrid_L1_X1_Y-2_DL0.umap" 685
"C:/Users/Colby Toner/Downloads/ToonCompleted/ToonTanks-3e58d0b14770e483fa3bc6e6a7c77ab58b25ee77/Content/Maps/MainMenu/_Generated_/MainMenu_MainGrid_L1_X0_Y-2_DL0.uexp" 686
"C:/Users/Colby Toner/Downloads/ToonCompleted/ToonTanks-3e58d0b14770e483fa3bc6e6a7c77ab58b25ee77/Content/Maps/MainMenu/_Generated_/MainMenu_MainGrid_L1_X0_Y-2_DL0.ubulk" 687
"C:/Users/Colby Toner/Downloads/ToonCompleted/ToonTanks-3e58d0b14770e483fa3bc6e6a7c77ab58b25ee77/Content/Maps/MainMenu/_Generated_/MainMenu_MainGrid_L1_X0_Y-2_DL0.umap" 688
"C:/Users/Colby Toner/Downloads/ToonCompleted/ToonTanks-3e58d0b14770e483fa3bc6e6a7c77ab58b25ee77/Content/Maps/MainMenu/_Generated_/MainMenu_MainGrid_L2_X-1_Y-1_DL0.uexp" 689
"C:/Users/Colby Toner/Downloads/ToonCompleted/ToonTanks-3e58d0b14770e483fa3bc6e6a7c77ab58b25ee77/Content/Maps/MainMenu/_Generated_/MainMenu_MainGrid_L2_X-1_Y-1_DL0.ubulk" 690
"C:/Users/Colby Toner/Downloads/ToonCompleted/ToonTanks-3e58d0b14770e483fa3bc6e6a7c77ab58b25ee77/Content/Maps/MainMenu/_Generated_/MainMenu_MainGrid_L2_X-1_Y-1_DL0.umap" 691
"C:/Users/Colby Toner/Downloads/ToonCompleted/ToonTanks-3e58d0b14770e483fa3bc6e6a7c77ab58b25ee77/Content/Maps/MainMenu/_Generated_/MainMenu_MainGrid_L1_X0_Y1_DL0.uexp" 692
"C:/Users/Colby Toner/Downloads/ToonCompleted/ToonTanks-3e58d0b14770e483fa3bc6e6a7c77ab58b25ee77/Content/Maps/MainMenu/_Generated_/MainMenu_MainGrid_L1_X0_Y1_DL0.ubulk" 693
"C:/Users/Colby Toner/Downloads/ToonCompleted/ToonTanks-3e58d0b14770e483fa3bc6e6a7c77ab58b25ee77/Content/Maps/MainMenu/_Generated_/MainMenu_MainGrid_L1_X0_Y1_DL0.umap" 694
"C:/Users/Colby Toner/Downloads/ToonCompleted/ToonTanks-3e58d0b14770e483fa3bc6e6a7c77ab58b25ee77/Content/Maps/MainMenu/_Generated_/MainMenu_MainGrid_L2_X0_Y-1_DL0.uexp" 695
"C:/Users/Colby Toner/Downloads/ToonCompleted/ToonTanks-3e58d0b14770e483fa3bc6e6a7c77ab58b25ee77/Content/Maps/MainMenu/_Generated_/MainMenu_MainGrid_L2_X0_Y-1_DL0.ubulk" 696
"C:/Users/Colby Toner/Downloads/ToonCompleted/ToonTanks-3e58d0b14770e483fa3bc6e6a7c77ab58b25ee77/Content/Maps/MainMenu/_Generated_/MainMenu_MainGrid_L2_X0_Y-1_DL0.umap" 697
"C:/Users/Colby Toner/Downloads/ToonCompleted/ToonTanks-3e58d0b14770e483fa3bc6e6a7c77ab58b25ee77/Content/Maps/MainMenu/_Generated_/MainMenu_MainGrid_L2_X-1_Y0_DL0.uexp" 698
"C:/Users/Colby Toner/Downloads/ToonCompleted/ToonTanks-3e58d0b14770e483fa3bc6e6a7c77ab58b25ee77/Content/Maps/MainMenu/_Generated_/MainMenu_MainGrid_L2_X-1_Y0_DL0.ubulk" 699
"C:/Users/Colby Toner/Downloads/ToonCompleted/ToonTanks-3e58d0b14770e483fa3bc6e6a7c77ab58b25ee77/Content/Maps/MainMenu/_Generated_/MainMenu_MainGrid_L2_X-1_Y0_DL0.umap" 700
"C:/Users/Colby Toner/Downloads/ToonCompleted/ToonTanks-3e58d0b14770e483fa3bc6e6a7c77ab58b25ee77/Content/Maps/MainMenu/_Generated_/MainMenu_MainGrid_L1_X-2_Y-2_DL0.uexp" 701
"C:/Users/Colby Toner/Downloads/ToonCompleted/ToonTanks-3e58d0b14770e483fa3bc6e6a7c77ab58b25ee77/Content/Maps/MainMenu/_Generated_/MainMenu_MainGrid_L1_X-2_Y-2_DL0.ubulk" 702
"C:/Users/Colby Toner/Downloads/ToonCompleted/ToonTanks-3e58d0b14770e483fa3bc6e6a7c77ab58b25ee77/Content/Maps/MainMenu/_Generated_/MainMenu_MainGrid_L1_X-2_Y-2_DL0.umap" 703
"C:/Users/Colby Toner/Downloads/ToonCompleted/ToonTanks-3e58d0b14770e483fa3bc6e6a7c77ab58b25ee77/Content/Maps/MainMenu/_Generated_/MainMenu_MainGrid_L1_X-2_Y-1_DL0.uexp" 704
"C:/Users/Colby Toner/Downloads/ToonCompleted/ToonTanks-3e58d0b14770e483fa3bc6e6a7c77ab58b25ee77/Content/Maps/MainMenu/_Generated_/MainMenu_MainGrid_L1_X-2_Y-1_DL0.ubulk" 705
"C:/Users/Colby Toner/Downloads/ToonCompleted/ToonTanks-3e58d0b14770e483fa3bc6e6a7c77ab58b25ee77/Content/Maps/MainMenu/_Generated_/MainMenu_MainGrid_L1_X-2_Y-1_DL0.umap" 706
"C:/Users/Colby Toner/Downloads/ToonCompleted/ToonTanks-3e58d0b14770e483fa3bc6e6a7c77ab58b25ee77/Content/Maps/MainMenu/_Generated_/MainMenu_MainGrid_L1_X0_Y0_DL0.uexp" 707
"C:/Users/Colby Toner/Downloads/ToonCompleted/ToonTanks-3e58d0b14770e483fa3bc6e6a7c77ab58b25ee77/Content/Maps/MainMenu/_Generated_/MainMenu_MainGrid_L1_X0_Y0_DL0.ubulk" 708
"C:/Users/Colby Toner/Downloads/ToonCompleted/ToonTanks-3e58d0b14770e483fa3bc6e6a7c77ab58b25ee77/Content/Maps/MainMenu/_Generated_/MainMenu_MainGrid_L1_X0_Y0_DL0.umap" 709
"C:/Users/Colby Toner/Downloads/ToonCompleted/ToonTanks-3e58d0b14770e483fa3bc6e6a7c77ab58b25ee77/Content/Maps/MainMenu/_Generated_/MainMenu_MainGrid_L1_X0_Y-1_DL0.uexp" 710
"C:/Users/Colby Toner/Downloads/ToonCompleted/ToonTanks-3e58d0b14770e483fa3bc6e6a7c77ab58b25ee77/Content/Maps/MainMenu/_Generated_/MainMenu_MainGrid_L1_X0_Y-1_DL0.ubulk" 711
"C:/Users/Colby Toner/Downloads/ToonCompleted/ToonTanks-3e58d0b14770e483fa3bc6e6a7c77ab58b25ee77/Content/Maps/MainMenu/_Generated_/MainMenu_MainGrid_L1_X0_Y-1_DL0.umap" 712
"C:/Users/Colby Toner/Downloads/ToonCompleted/ToonTanks-3e58d0b14770e483fa3bc6e6a7c77ab58b25ee77/Content/Maps/MainMenu/_Generated_/MainMenu_MainGrid_L1_X-2_Y0_DL0.uexp" 713
"C:/Users/Colby Toner/Downloads/ToonCompleted/ToonTanks-3e58d0b14770e483fa3bc6e6a7c77ab58b25ee77/Content/Maps/MainMenu/_Generated_/MainMenu_MainGrid_L1_X-2_Y0_DL0.ubulk" 714
"C:/Users/Colby Toner/Downloads/ToonCompleted/ToonTanks-3e58d0b14770e483fa3bc6e6a7c77ab58b25ee77/Content/Maps/MainMenu/_Generated_/MainMenu_MainGrid_L1_X-2_Y0_DL0.umap" 715
"C:/Users/Colby Toner/Downloads/ToonCompleted/ToonTanks-3e58d0b14770e483fa3bc6e6a7c77ab58b25ee77/Content/Maps/MainMenu/_Generated_/MainMenu_MainGrid_L1_X1_Y1_DL0.uexp" 716
"C:/Users/Colby Toner/Downloads/ToonCompleted/ToonTanks-3e58d0b14770e483fa3bc6e6a7c77ab58b25ee77/Content/Maps/MainMenu/_Generated_/MainMenu_MainGrid_L1_X1_Y1_DL0.ubulk" 717
"C:/Users/Colby Toner/Downloads/ToonCompleted/ToonTanks-3e58d0b14770e483fa3bc6e6a7c77ab58b25ee77/Content/Maps/MainMenu/_Generated_/MainMenu_MainGrid_L1_X1_Y1_DL0.umap" 718
"C:/Users/Colby Toner/Downloads/ToonCompleted/ToonTanks-3e58d0b14770e483fa3bc6e6a7c77ab58b25ee77/Content/Maps/MainMenu/_Generated_/MainMenu_MainGrid_L1_X-1_Y1_DL0.uexp" 719
"C:/Users/Colby Toner/Downloads/ToonCompleted/ToonTanks-3e58d0b14770e483fa3bc6e6a7c77ab58b25ee77/Content/Maps/MainMenu/_Generated_/MainMenu_MainGrid_L1_X-1_Y1_DL0.ubulk" 720
"C:/Users/Colby Toner/Downloads/ToonCompleted/ToonTanks-3e58d0b14770e483fa3bc6e6a7c77ab58b25ee77/Content/Maps/MainMenu/_Generated_/MainMenu_MainGrid_L1_X-1_Y1_DL0.umap" 721
"C:/Users/Colby Toner/Downloads/ToonCompleted/ToonTanks-3e58d0b14770e483fa3bc6e6a7c77ab58b25ee77/Content/Maps/MainMenu/_Generated_/MainMenu_MainGrid_L1_X-1_Y0_DL0.uexp" 722
"C:/Users/Colby Toner/Downloads/ToonCompleted/ToonTanks-3e58d0b14770e483fa3bc6e6a7c77ab58b25ee77/Content/Maps/MainMenu/_Generated_/MainMenu_MainGrid_L1_X-1_Y0_DL0.ubulk" 723
"C:/Users/Colby Toner/Downloads/ToonCompleted/ToonTanks-3e58d0b14770e483fa3bc6e6a7c77ab58b25ee77/Content/Maps/MainMenu/_Generated_/MainMenu_MainGrid_L1_X-1_Y0_DL0.umap" 724
"C:/Users/Colby Toner/Downloads/ToonCompleted/ToonTanks-3e58d0b14770e483fa3bc6e6a7c77ab58b25ee77/Content/Maps/MainMenu/_Generated_/MainMenu_MainGrid_L1_X-2_Y1_DL0.uexp" 725
"C:/Users/Colby Toner/Downloads/ToonCompleted/ToonTanks-3e58d0b14770e483fa3bc6e6a7c77ab58b25ee77/Content/Maps/MainMenu/_Generated_/MainMenu_MainGrid_L1_X-2_Y1_DL0.ubulk" 726
"C:/Users/Colby Toner/Downloads/ToonCompleted/ToonTanks-3e58d0b14770e483fa3bc6e6a7c77ab58b25ee77/Content/Maps/MainMenu/_Generated_/MainMenu_MainGrid_L1_X-2_Y1_DL0.umap" 727
"C:/Users/Colby Toner/Downloads/ToonCompleted/ToonTanks-3e58d0b14770e483fa3bc6e6a7c77ab58b25ee77/Content/Maps/MainMenu/_Generated_/MainMenu_MainGrid_L2_X0_Y0_DL0.uexp" 728
"C:/Users/Colby Toner/Downloads/ToonCompleted/ToonTanks-3e58d0b14770e483fa3bc6e6a7c77ab58b25ee77/Content/Maps/MainMenu/_Generated_/MainMenu_MainGrid_L2_X0_Y0_DL0.ubulk" 729
"C:/Users/Colby Toner/Downloads/ToonCompleted/ToonTanks-3e58d0b14770e483fa3bc6e6a7c77ab58b25ee77/Content/Maps/MainMenu/_Generated_/MainMenu_MainGrid_L2_X0_Y0_DL0.umap" 730
